<?xml version="1.0" encoding="UTF-8"?>
<!-- Generated by org.testng.reporters.JUnitXMLReporter -->
<testsuite ignored="2" hostname="VT056_Pugazhendhi_WIN" failures="0" tests="1" name="Default test" time="108.435" errors="0" timestamp="2023-03-29T20:40:05 IST">
  <testcase classname="webDriverTestCases.Application_Sanity" name="Login_Logout_Test" time="97.462"/>
  <testcase classname="webDriverTestCases.Application_Sanity" name="Application_Sanity_Test" time="0.0">
    <ignored/>
  </testcase> <!-- Application_Sanity_Test -->
  <testcase classname="webDriverTestCases.Application_Sanity" name="Application_Sanity_Test1" time="0.0">
    <ignored/>
  </testcase> <!-- Application_Sanity_Test1 -->
</testsuite> <!-- Default test -->
