<?xml version="1.0" encoding="UTF-8"?>
<testng-results ignored="0" total="1" passed="1" failed="0" skipped="0">
  <reporter-output>
  </reporter-output>
  <suite started-at="2023-02-24T16:11:03 IST" name="Default suite" finished-at="2023-02-24T16:11:11 IST" duration-ms="7296">
    <groups>
    </groups>
    <test started-at="2023-02-24T16:11:03 IST" name="Default test" finished-at="2023-02-24T16:11:11 IST" duration-ms="7296">
      <class name="com.hsc.vms.IdentityVal">
        <test-method signature="generateToken()[pri:1, instance:com.hsc.vms.IdentityVal@550dbc7a]" started-at="2023-02-24T16:11:03 IST" name="generateToken" finished-at="2023-02-24T16:11:10 IST" duration-ms="7125" status="PASS">
          <reporter-output>
          </reporter-output>
        </test-method> <!-- generateToken -->
      </class> <!-- com.hsc.vms.IdentityVal -->
    </test> <!-- Default test -->
  </suite> <!-- Default suite -->
</testng-results>
