<?xml version="1.0" encoding="UTF-8"?>
<!-- Generated by org.testng.reporters.JUnitXMLReporter -->
<testsuite hostname="SCL337" ignored="1" name="Test" tests="1" failures="0" timestamp="25 May 2021 05:26:32 GMT" time="581.742" errors="0">
  <testcase name="QA_Build_Healthcheck_TC001" time="576.633" classname="webDriverTestCases.QA_Build_Healthcheck"/>
  <testcase name="QA_Build_Healthcheck_TC002" time="0.0" classname="webDriverTestCases.QA_Build_Healthcheck">
    <ignored/>
  </testcase> <!-- QA_Build_Healthcheck_TC002 -->
</testsuite> <!-- Test -->
